0 info it worked if it ends with ok
1 verbose cli [ 'C:\\Program Files\\nodejs\\\\node.exe',
1 verbose cli   'C:\\Program Files\\nodejs\\node_modules\\npm\\bin\\npm-cli.js',
1 verbose cli   'install',
1 verbose cli   'sqlite3' ]
2 info using npm@1.2.14
3 info using node@v0.10.0
4 verbose node symlink C:\Program Files\nodejs\\node.exe
5 verbose read json C:\Users\Lisa\CitySync\server\package.json
6 verbose read json C:\Users\Lisa\CitySync\server\node_modules\adm-zip\package.json
7 verbose read json C:\Users\Lisa\CitySync\server\package.json
8 verbose cache add [ 'sqlite3', null ]
9 verbose cache add name=undefined spec="sqlite3" args=["sqlite3",null]
10 verbose parsed url { protocol: null,
10 verbose parsed url   slashes: null,
10 verbose parsed url   auth: null,
10 verbose parsed url   host: null,
10 verbose parsed url   port: null,
10 verbose parsed url   hostname: null,
10 verbose parsed url   hash: null,
10 verbose parsed url   search: null,
10 verbose parsed url   query: null,
10 verbose parsed url   pathname: 'sqlite3',
10 verbose parsed url   path: 'sqlite3',
10 verbose parsed url   href: 'sqlite3' }
11 silly lockFile b54e393c-sqlite3 sqlite3
12 verbose lock sqlite3 C:\Users\Lisa\AppData\Roaming\npm-cache\b54e393c-sqlite3.lock
13 silly lockFile b54e393c-sqlite3 sqlite3
14 silly lockFile b54e393c-sqlite3 sqlite3
15 verbose addNamed [ 'sqlite3', '' ]
16 verbose addNamed [ null, '' ]
17 silly lockFile b9879749-sqlite3 sqlite3@
18 verbose lock sqlite3@ C:\Users\Lisa\AppData\Roaming\npm-cache\b9879749-sqlite3.lock
19 silly addNameRange { name: 'sqlite3', range: '', hasData: false }
20 verbose url raw sqlite3
21 verbose url resolving [ 'https://registry.npmjs.org/', './sqlite3' ]
22 verbose url resolved https://registry.npmjs.org/sqlite3
23 info trying registry request attempt 1 at 18:04:53
24 http GET https://registry.npmjs.org/sqlite3
25 http 200 https://registry.npmjs.org/sqlite3
26 silly registry.get cb [ 200,
26 silly registry.get   { vary: 'Accept',
26 silly registry.get     server: 'CouchDB/1.2.1 (Erlang OTP/R15B03)',
26 silly registry.get     etag: '"AQO1MN9ZJS6QWH4YN8JBSXV0U"',
26 silly registry.get     date: 'Thu, 14 Mar 2013 18:10:30 GMT',
26 silly registry.get     'content-type': 'application/json',
26 silly registry.get     'content-length': '55794' } ]
27 silly addNameRange number 2 { name: 'sqlite3', range: '', hasData: true }
28 silly addNameRange versions [ 'sqlite3',
28 silly addNameRange   [ '2.0.0',
28 silly addNameRange     '2.0.1',
28 silly addNameRange     '2.0.2',
28 silly addNameRange     '2.0.3',
28 silly addNameRange     '2.0.4',
28 silly addNameRange     '2.0.5',
28 silly addNameRange     '2.0.6',
28 silly addNameRange     '2.0.7',
28 silly addNameRange     '2.0.8',
28 silly addNameRange     '2.0.9',
28 silly addNameRange     '2.0.10',
28 silly addNameRange     '2.0.11',
28 silly addNameRange     '2.0.12',
28 silly addNameRange     '2.0.13',
28 silly addNameRange     '2.0.14',
28 silly addNameRange     '2.0.15',
28 silly addNameRange     '2.0.16',
28 silly addNameRange     '2.0.17',
28 silly addNameRange     '2.0.18',
28 silly addNameRange     '2.1.0',
28 silly addNameRange     '2.1.1',
28 silly addNameRange     '2.1.2',
28 silly addNameRange     '2.1.3',
28 silly addNameRange     '2.1.4',
28 silly addNameRange     '2.1.5' ] ]
29 verbose addNamed [ 'sqlite3', '2.1.5' ]
30 verbose addNamed [ '2.1.5', '2.1.5' ]
31 silly lockFile cdee03cf-sqlite3-2-1-5 sqlite3@2.1.5
32 verbose lock sqlite3@2.1.5 C:\Users\Lisa\AppData\Roaming\npm-cache\cdee03cf-sqlite3-2-1-5.lock
33 silly lockFile 46e5a27a-js-org-sqlite3-sqlite3-2-1-5-tgz https://registry.npmjs.org/sqlite3/-/sqlite3-2.1.5.tgz
34 verbose lock https://registry.npmjs.org/sqlite3/-/sqlite3-2.1.5.tgz C:\Users\Lisa\AppData\Roaming\npm-cache\46e5a27a-js-org-sqlite3-sqlite3-2-1-5-tgz.lock
35 verbose addRemoteTarball [ 'https://registry.npmjs.org/sqlite3/-/sqlite3-2.1.5.tgz',
35 verbose addRemoteTarball   '8538815b6989ae0491fe09f0259299c7af4220a2' ]
36 info retry fetch attempt 1 at 18:04:55
37 verbose fetch to= C:\Users\Lisa\AppData\Local\Temp\npm-2940\1363284295676-0.6273416173644364\tmp.tgz
38 http GET https://registry.npmjs.org/sqlite3/-/sqlite3-2.1.5.tgz
39 http 200 https://registry.npmjs.org/sqlite3/-/sqlite3-2.1.5.tgz
40 silly shasum updated bytes 65536
41 silly shasum updated bytes 65536
42 silly shasum updated bytes 65536
43 silly shasum updated bytes 65536
44 silly shasum updated bytes 65536
45 silly shasum updated bytes 65536
46 silly shasum updated bytes 65536
47 silly shasum updated bytes 65536
48 silly shasum updated bytes 65536
49 silly shasum updated bytes 65536
50 silly shasum updated bytes 65536
51 silly shasum updated bytes 65536
52 silly shasum updated bytes 65536
53 silly shasum updated bytes 65536
54 silly shasum updated bytes 65536
55 silly shasum updated bytes 65536
56 silly shasum updated bytes 65536
57 silly shasum updated bytes 65536
58 silly shasum updated bytes 65536
59 silly shasum updated bytes 65536
60 silly shasum updated bytes 65536
61 silly shasum updated bytes 65536
62 silly shasum updated bytes 65536
63 silly shasum updated bytes 65536
64 silly shasum updated bytes 65536
65 silly shasum updated bytes 65536
66 silly shasum updated bytes 65536
67 silly shasum updated bytes 65536
68 silly shasum updated bytes 65536
69 silly shasum updated bytes 65536
70 silly shasum updated bytes 65536
71 silly shasum updated bytes 57187
72 info shasum 8538815b6989ae0491fe09f0259299c7af4220a2
72 info shasum C:\Users\Lisa\AppData\Local\Temp\npm-2940\1363284295676-0.6273416173644364\tmp.tgz
73 verbose tar unpack C:\Users\Lisa\AppData\Local\Temp\npm-2940\1363284295676-0.6273416173644364\tmp.tgz
74 silly lockFile 47f54e98-95676-0-6273416173644364-package C:\Users\Lisa\AppData\Local\Temp\npm-2940\1363284295676-0.6273416173644364\package
75 verbose lock C:\Users\Lisa\AppData\Local\Temp\npm-2940\1363284295676-0.6273416173644364\package C:\Users\Lisa\AppData\Roaming\npm-cache\47f54e98-95676-0-6273416173644364-package.lock
76 silly lockFile fe1a2615-95676-0-6273416173644364-tmp-tgz C:\Users\Lisa\AppData\Local\Temp\npm-2940\1363284295676-0.6273416173644364\tmp.tgz
77 verbose lock C:\Users\Lisa\AppData\Local\Temp\npm-2940\1363284295676-0.6273416173644364\tmp.tgz C:\Users\Lisa\AppData\Roaming\npm-cache\fe1a2615-95676-0-6273416173644364-tmp-tgz.lock
78 silly gunzTarPerm modes [ '755', '644' ]
79 silly gunzTarPerm extractEntry package.json
80 silly gunzTarPerm extractEntry .npmignore
81 silly gunzTarPerm extractEntry README.md
82 silly gunzTarPerm extractEntry LICENSE
83 silly gunzTarPerm extractEntry sqlite3.js
84 silly gunzTarPerm extractEntry deps/sqlite3/README
85 silly gunzTarPerm extractEntry deps/sqlite3/Makefile.in
86 silly gunzTarPerm extractEntry deps/sqlite3/config.guess
87 silly gunzTarPerm extractEntry deps/sqlite3/config.sub
88 silly gunzTarPerm extractEntry deps/sqlite3/configure
89 silly gunzTarPerm extractEntry deps/sqlite3/configure.ac
90 silly gunzTarPerm extractEntry deps/sqlite3/depcomp
91 silly gunzTarPerm extractEntry deps/sqlite3/INSTALL
92 silly gunzTarPerm extractEntry deps/sqlite3/install-sh
93 silly gunzTarPerm extractEntry deps/sqlite3/ltmain.sh
94 silly gunzTarPerm extractEntry deps/sqlite3/Makefile.am
95 silly gunzTarPerm extractEntry deps/sqlite3/binding.gyp
96 silly gunzTarPerm extractEntry deps/sqlite3/missing
97 silly gunzTarPerm extractEntry deps/sqlite3/aclocal.m4
98 silly gunzTarPerm extractEntry deps/sqlite3/shell.c
99 silly gunzTarPerm extractEntry deps/sqlite3/sqlite3.1
100 silly gunzTarPerm extractEntry deps/sqlite3/sqlite3.c
101 silly gunzTarPerm extractEntry deps/sqlite3/sqlite3.h
102 silly gunzTarPerm extractEntry deps/sqlite3/sqlite3.pc
103 silly gunzTarPerm extractEntry deps/sqlite3/sqlite3.pc.in
104 silly gunzTarPerm extractEntry deps/sqlite3/sqlite3ext.h
105 silly gunzTarPerm extractEntry deps/sqlite3/tea/README
106 silly gunzTarPerm extractEntry deps/sqlite3/tea/license.terms
107 silly gunzTarPerm extractEntry deps/sqlite3/tea/configure.in
108 silly gunzTarPerm extractEntry deps/sqlite3/tea/doc/sqlite3.n
109 silly gunzTarPerm extractEntry deps/sqlite3/tea/generic/tclsqlite3.c
110 silly gunzTarPerm extractEntry deps/sqlite3/tea/configure
111 silly gunzTarPerm extractEntry deps/sqlite3/tea/Makefile.in
112 silly gunzTarPerm extractEntry deps/sqlite3/tea/pkgIndex.tcl.in
113 silly gunzTarPerm extractEntry deps/sqlite3/tea/aclocal.m4
114 silly gunzTarPerm extractEntry deps/sqlite3/tea/tclconfig/install-sh
115 silly gunzTarPerm extractEntry deps/sqlite3/tea/tclconfig/tcl.m4
116 silly gunzTarPerm extractEntry deps/sqlite3/tea/win/makefile.vc
117 silly gunzTarPerm extractEntry deps/sqlite3/tea/win/nmakehlp.c
118 silly gunzTarPerm extractEntry deps/sqlite3/tea/win/rules.vc
119 silly gunzTarPerm extractEntry examples/simple-chaining.js
120 silly gunzTarPerm extractEntry lib/index.js
121 silly gunzTarPerm extractEntry lib/sqlite3.js
122 silly gunzTarPerm extractEntry lib/trace.js
123 silly gunzTarPerm extractEntry benchmark/insert.js
124 silly gunzTarPerm extractEntry benchmark/insert-transaction.sql
125 silly gunzTarPerm extractEntry Makefile
126 silly gunzTarPerm extractEntry configure
127 silly gunzTarPerm extractEntry binding.gyp
128 silly gunzTarPerm extractEntry src/async.h
129 silly gunzTarPerm extractEntry src/database.cc
130 silly gunzTarPerm extractEntry src/database.h
131 silly gunzTarPerm extractEntry src/macros.h
132 silly gunzTarPerm extractEntry src/node_sqlite3.cc
133 silly gunzTarPerm extractEntry src/statement.cc
134 silly gunzTarPerm extractEntry src/statement.h
135 silly gunzTarPerm extractEntry src/threading.h
136 silly gunzTarPerm extractEntry test/affected.test.js
137 silly gunzTarPerm extractEntry test/extension.test.js
138 silly gunzTarPerm extractEntry test/map.test.js
139 silly gunzTarPerm extractEntry test/named_columns.test.js
140 silly gunzTarPerm extractEntry test/named_params.test.js
141 silly gunzTarPerm extractEntry test/exec.test.js
142 silly gunzTarPerm extractEntry test/open_close.test.js
143 silly gunzTarPerm extractEntry test/other_objects.test.js
144 silly gunzTarPerm extractEntry test/parallel_insert.test.js
145 silly gunzTarPerm extractEntry test/prepare.test.js
146 silly gunzTarPerm extractEntry test/profile.test.js
147 silly gunzTarPerm extractEntry test/each.test.js
148 silly gunzTarPerm extractEntry test/rerun.test.js
149 silly gunzTarPerm extractEntry test/database_fail.test.js
150 silly gunzTarPerm extractEntry test/scheduling.test.js
151 silly gunzTarPerm extractEntry test/constants.test.js
152 silly gunzTarPerm extractEntry test/serialization.test.js
153 silly gunzTarPerm extractEntry test/cache.test.js
154 silly gunzTarPerm extractEntry test/trace.test.js
155 silly gunzTarPerm extractEntry test/blob.test.js
156 silly gunzTarPerm extractEntry test/unicode.test.js
157 silly gunzTarPerm extractEntry test/null_error.test.js
158 silly gunzTarPerm extractEntry test/support/createdb.js
159 silly gunzTarPerm extractEntry test/support/helper.js
160 silly gunzTarPerm extractEntry test/support/elmo.png
161 silly gunzTarPerm extractEntry test/support/prepare.db
162 silly gunzTarPerm extractEntry test/support/script.sql
163 verbose read json C:\Users\Lisa\AppData\Local\Temp\npm-2940\1363284295676-0.6273416173644364\package\package.json
164 silly lockFile 47f54e98-95676-0-6273416173644364-package C:\Users\Lisa\AppData\Local\Temp\npm-2940\1363284295676-0.6273416173644364\package
165 silly lockFile 47f54e98-95676-0-6273416173644364-package C:\Users\Lisa\AppData\Local\Temp\npm-2940\1363284295676-0.6273416173644364\package
166 silly lockFile fe1a2615-95676-0-6273416173644364-tmp-tgz C:\Users\Lisa\AppData\Local\Temp\npm-2940\1363284295676-0.6273416173644364\tmp.tgz
167 silly lockFile fe1a2615-95676-0-6273416173644364-tmp-tgz C:\Users\Lisa\AppData\Local\Temp\npm-2940\1363284295676-0.6273416173644364\tmp.tgz
168 verbose from cache C:\Users\Lisa\AppData\Local\Temp\npm-2940\1363284295676-0.6273416173644364\package\package.json
169 verbose tar pack [ 'C:\\Users\\Lisa\\AppData\\Roaming\\npm-cache\\sqlite3\\2.1.5\\package.tgz',
169 verbose tar pack   'C:\\Users\\Lisa\\AppData\\Local\\Temp\\npm-2940\\1363284295676-0.6273416173644364\\package' ]
170 verbose tarball C:\Users\Lisa\AppData\Roaming\npm-cache\sqlite3\2.1.5\package.tgz
171 verbose folder C:\Users\Lisa\AppData\Local\Temp\npm-2940\1363284295676-0.6273416173644364\package
172 silly lockFile 47f54e98-95676-0-6273416173644364-package C:\Users\Lisa\AppData\Local\Temp\npm-2940\1363284295676-0.6273416173644364\package
173 verbose lock C:\Users\Lisa\AppData\Local\Temp\npm-2940\1363284295676-0.6273416173644364\package C:\Users\Lisa\AppData\Roaming\npm-cache\47f54e98-95676-0-6273416173644364-package.lock
174 silly lockFile 8d1fec3f--cache-sqlite3-2-1-5-package-tgz C:\Users\Lisa\AppData\Roaming\npm-cache\sqlite3\2.1.5\package.tgz
175 verbose lock C:\Users\Lisa\AppData\Roaming\npm-cache\sqlite3\2.1.5\package.tgz C:\Users\Lisa\AppData\Roaming\npm-cache\8d1fec3f--cache-sqlite3-2-1-5-package-tgz.lock
176 silly lockFile 47f54e98-95676-0-6273416173644364-package C:\Users\Lisa\AppData\Local\Temp\npm-2940\1363284295676-0.6273416173644364\package
177 silly lockFile 47f54e98-95676-0-6273416173644364-package C:\Users\Lisa\AppData\Local\Temp\npm-2940\1363284295676-0.6273416173644364\package
178 silly lockFile 8d1fec3f--cache-sqlite3-2-1-5-package-tgz C:\Users\Lisa\AppData\Roaming\npm-cache\sqlite3\2.1.5\package.tgz
179 silly lockFile 8d1fec3f--cache-sqlite3-2-1-5-package-tgz C:\Users\Lisa\AppData\Roaming\npm-cache\sqlite3\2.1.5\package.tgz
180 silly lockFile a13775d4--npm-cache-sqlite3-2-1-5-package C:\Users\Lisa\AppData\Roaming\npm-cache\sqlite3\2.1.5\package
181 verbose lock C:\Users\Lisa\AppData\Roaming\npm-cache\sqlite3\2.1.5\package C:\Users\Lisa\AppData\Roaming\npm-cache\a13775d4--npm-cache-sqlite3-2-1-5-package.lock
182 silly lockFile a13775d4--npm-cache-sqlite3-2-1-5-package C:\Users\Lisa\AppData\Roaming\npm-cache\sqlite3\2.1.5\package
183 silly lockFile a13775d4--npm-cache-sqlite3-2-1-5-package C:\Users\Lisa\AppData\Roaming\npm-cache\sqlite3\2.1.5\package
184 verbose tar unpack C:\Users\Lisa\AppData\Roaming\npm-cache\sqlite3\2.1.5\package.tgz
185 silly lockFile a13775d4--npm-cache-sqlite3-2-1-5-package C:\Users\Lisa\AppData\Roaming\npm-cache\sqlite3\2.1.5\package
186 verbose lock C:\Users\Lisa\AppData\Roaming\npm-cache\sqlite3\2.1.5\package C:\Users\Lisa\AppData\Roaming\npm-cache\a13775d4--npm-cache-sqlite3-2-1-5-package.lock
187 silly lockFile 8d1fec3f--cache-sqlite3-2-1-5-package-tgz C:\Users\Lisa\AppData\Roaming\npm-cache\sqlite3\2.1.5\package.tgz
188 verbose lock C:\Users\Lisa\AppData\Roaming\npm-cache\sqlite3\2.1.5\package.tgz C:\Users\Lisa\AppData\Roaming\npm-cache\8d1fec3f--cache-sqlite3-2-1-5-package-tgz.lock
189 silly gunzTarPerm modes [ '755', '644' ]
190 silly gunzTarPerm extractEntry package.json
191 silly gunzTarPerm modified mode [ 'package.json', 438, 420 ]
192 silly gunzTarPerm extractEntry .npmignore
193 silly gunzTarPerm modified mode [ '.npmignore', 438, 420 ]
194 silly gunzTarPerm extractEntry README.md
195 silly gunzTarPerm modified mode [ 'README.md', 438, 420 ]
196 silly gunzTarPerm extractEntry LICENSE
197 silly gunzTarPerm modified mode [ 'LICENSE', 438, 420 ]
198 silly gunzTarPerm extractEntry sqlite3.js
199 silly gunzTarPerm modified mode [ 'sqlite3.js', 438, 420 ]
200 silly gunzTarPerm extractEntry deps/sqlite3/README
201 silly gunzTarPerm modified mode [ 'deps/sqlite3/README', 438, 420 ]
202 silly gunzTarPerm extractEntry deps/sqlite3/Makefile.in
203 silly gunzTarPerm modified mode [ 'deps/sqlite3/Makefile.in', 438, 420 ]
204 silly gunzTarPerm extractEntry deps/sqlite3/config.guess
205 silly gunzTarPerm modified mode [ 'deps/sqlite3/config.guess', 438, 420 ]
206 silly gunzTarPerm extractEntry deps/sqlite3/config.sub
207 silly gunzTarPerm modified mode [ 'deps/sqlite3/config.sub', 438, 420 ]
208 silly gunzTarPerm extractEntry deps/sqlite3/configure
209 silly gunzTarPerm modified mode [ 'deps/sqlite3/configure', 438, 420 ]
210 silly gunzTarPerm extractEntry deps/sqlite3/configure.ac
211 silly gunzTarPerm modified mode [ 'deps/sqlite3/configure.ac', 438, 420 ]
212 silly gunzTarPerm extractEntry deps/sqlite3/depcomp
213 silly gunzTarPerm modified mode [ 'deps/sqlite3/depcomp', 438, 420 ]
214 silly gunzTarPerm extractEntry deps/sqlite3/INSTALL
215 silly gunzTarPerm modified mode [ 'deps/sqlite3/INSTALL', 438, 420 ]
216 silly gunzTarPerm extractEntry deps/sqlite3/install-sh
217 silly gunzTarPerm modified mode [ 'deps/sqlite3/install-sh', 438, 420 ]
218 silly gunzTarPerm extractEntry deps/sqlite3/ltmain.sh
219 silly gunzTarPerm modified mode [ 'deps/sqlite3/ltmain.sh', 438, 420 ]
220 silly gunzTarPerm extractEntry deps/sqlite3/Makefile.am
221 silly gunzTarPerm modified mode [ 'deps/sqlite3/Makefile.am', 438, 420 ]
222 silly gunzTarPerm extractEntry deps/sqlite3/binding.gyp
223 silly gunzTarPerm modified mode [ 'deps/sqlite3/binding.gyp', 438, 420 ]
224 silly gunzTarPerm extractEntry deps/sqlite3/missing
225 silly gunzTarPerm modified mode [ 'deps/sqlite3/missing', 438, 420 ]
226 silly gunzTarPerm extractEntry deps/sqlite3/aclocal.m4
227 silly gunzTarPerm modified mode [ 'deps/sqlite3/aclocal.m4', 438, 420 ]
228 silly gunzTarPerm extractEntry deps/sqlite3/shell.c
229 silly gunzTarPerm modified mode [ 'deps/sqlite3/shell.c', 438, 420 ]
230 silly gunzTarPerm extractEntry deps/sqlite3/sqlite3.1
231 silly gunzTarPerm modified mode [ 'deps/sqlite3/sqlite3.1', 438, 420 ]
232 silly gunzTarPerm extractEntry deps/sqlite3/sqlite3.c
233 silly gunzTarPerm modified mode [ 'deps/sqlite3/sqlite3.c', 438, 420 ]
234 silly gunzTarPerm extractEntry deps/sqlite3/sqlite3.h
235 silly gunzTarPerm modified mode [ 'deps/sqlite3/sqlite3.h', 438, 420 ]
236 silly gunzTarPerm extractEntry deps/sqlite3/sqlite3.pc
237 silly gunzTarPerm modified mode [ 'deps/sqlite3/sqlite3.pc', 438, 420 ]
238 silly gunzTarPerm extractEntry deps/sqlite3/sqlite3.pc.in
239 silly gunzTarPerm modified mode [ 'deps/sqlite3/sqlite3.pc.in', 438, 420 ]
240 silly gunzTarPerm extractEntry deps/sqlite3/sqlite3ext.h
241 silly gunzTarPerm modified mode [ 'deps/sqlite3/sqlite3ext.h', 438, 420 ]
242 silly gunzTarPerm extractEntry deps/sqlite3/tea/README
243 silly gunzTarPerm modified mode [ 'deps/sqlite3/tea/README', 438, 420 ]
244 silly gunzTarPerm extractEntry deps/sqlite3/tea/license.terms
245 silly gunzTarPerm modified mode [ 'deps/sqlite3/tea/license.terms', 438, 420 ]
246 silly gunzTarPerm extractEntry deps/sqlite3/tea/configure.in
247 silly gunzTarPerm modified mode [ 'deps/sqlite3/tea/configure.in', 438, 420 ]
248 silly gunzTarPerm extractEntry deps/sqlite3/tea/doc/sqlite3.n
249 silly gunzTarPerm modified mode [ 'deps/sqlite3/tea/doc/sqlite3.n', 438, 420 ]
250 silly gunzTarPerm extractEntry deps/sqlite3/tea/generic/tclsqlite3.c
251 silly gunzTarPerm modified mode [ 'deps/sqlite3/tea/generic/tclsqlite3.c', 438, 420 ]
252 silly gunzTarPerm extractEntry deps/sqlite3/tea/configure
253 silly gunzTarPerm modified mode [ 'deps/sqlite3/tea/configure', 438, 420 ]
254 silly gunzTarPerm extractEntry deps/sqlite3/tea/Makefile.in
255 silly gunzTarPerm modified mode [ 'deps/sqlite3/tea/Makefile.in', 438, 420 ]
256 silly gunzTarPerm extractEntry deps/sqlite3/tea/pkgIndex.tcl.in
257 silly gunzTarPerm modified mode [ 'deps/sqlite3/tea/pkgIndex.tcl.in', 438, 420 ]
258 silly gunzTarPerm extractEntry deps/sqlite3/tea/aclocal.m4
259 silly gunzTarPerm modified mode [ 'deps/sqlite3/tea/aclocal.m4', 438, 420 ]
260 silly gunzTarPerm extractEntry deps/sqlite3/tea/tclconfig/install-sh
261 silly gunzTarPerm modified mode [ 'deps/sqlite3/tea/tclconfig/install-sh', 438, 420 ]
262 silly gunzTarPerm extractEntry deps/sqlite3/tea/tclconfig/tcl.m4
263 silly gunzTarPerm modified mode [ 'deps/sqlite3/tea/tclconfig/tcl.m4', 438, 420 ]
264 silly gunzTarPerm extractEntry deps/sqlite3/tea/win/makefile.vc
265 silly gunzTarPerm modified mode [ 'deps/sqlite3/tea/win/makefile.vc', 438, 420 ]
266 silly gunzTarPerm extractEntry deps/sqlite3/tea/win/nmakehlp.c
267 silly gunzTarPerm modified mode [ 'deps/sqlite3/tea/win/nmakehlp.c', 438, 420 ]
268 silly gunzTarPerm extractEntry deps/sqlite3/tea/win/rules.vc
269 silly gunzTarPerm modified mode [ 'deps/sqlite3/tea/win/rules.vc', 438, 420 ]
270 silly gunzTarPerm extractEntry examples/simple-chaining.js
271 silly gunzTarPerm modified mode [ 'examples/simple-chaining.js', 438, 420 ]
272 silly gunzTarPerm extractEntry lib/index.js
273 silly gunzTarPerm modified mode [ 'lib/index.js', 438, 420 ]
274 silly gunzTarPerm extractEntry lib/sqlite3.js
275 silly gunzTarPerm modified mode [ 'lib/sqlite3.js', 438, 420 ]
276 silly gunzTarPerm extractEntry lib/trace.js
277 silly gunzTarPerm modified mode [ 'lib/trace.js', 438, 420 ]
278 silly gunzTarPerm extractEntry benchmark/insert.js
279 silly gunzTarPerm modified mode [ 'benchmark/insert.js', 438, 420 ]
280 silly gunzTarPerm extractEntry benchmark/insert-transaction.sql
281 silly gunzTarPerm modified mode [ 'benchmark/insert-transaction.sql', 438, 420 ]
282 silly gunzTarPerm extractEntry Makefile
283 silly gunzTarPerm modified mode [ 'Makefile', 438, 420 ]
284 silly gunzTarPerm extractEntry configure
285 silly gunzTarPerm modified mode [ 'configure', 438, 420 ]
286 silly gunzTarPerm extractEntry binding.gyp
287 silly gunzTarPerm modified mode [ 'binding.gyp', 438, 420 ]
288 silly gunzTarPerm extractEntry src/async.h
289 silly gunzTarPerm modified mode [ 'src/async.h', 438, 420 ]
290 silly gunzTarPerm extractEntry src/database.cc
291 silly gunzTarPerm modified mode [ 'src/database.cc', 438, 420 ]
292 silly gunzTarPerm extractEntry src/database.h
293 silly gunzTarPerm modified mode [ 'src/database.h', 438, 420 ]
294 silly gunzTarPerm extractEntry src/macros.h
295 silly gunzTarPerm modified mode [ 'src/macros.h', 438, 420 ]
296 silly gunzTarPerm extractEntry src/node_sqlite3.cc
297 silly gunzTarPerm modified mode [ 'src/node_sqlite3.cc', 438, 420 ]
298 silly gunzTarPerm extractEntry src/statement.cc
299 silly gunzTarPerm modified mode [ 'src/statement.cc', 438, 420 ]
300 silly gunzTarPerm extractEntry src/statement.h
301 silly gunzTarPerm modified mode [ 'src/statement.h', 438, 420 ]
302 silly gunzTarPerm extractEntry src/threading.h
303 silly gunzTarPerm modified mode [ 'src/threading.h', 438, 420 ]
304 silly gunzTarPerm extractEntry test/affected.test.js
305 silly gunzTarPerm modified mode [ 'test/affected.test.js', 438, 420 ]
306 silly gunzTarPerm extractEntry test/extension.test.js
307 silly gunzTarPerm modified mode [ 'test/extension.test.js', 438, 420 ]
308 silly gunzTarPerm extractEntry test/map.test.js
309 silly gunzTarPerm modified mode [ 'test/map.test.js', 438, 420 ]
310 silly gunzTarPerm extractEntry test/named_columns.test.js
311 silly gunzTarPerm modified mode [ 'test/named_columns.test.js', 438, 420 ]
312 silly gunzTarPerm extractEntry test/named_params.test.js
313 silly gunzTarPerm modified mode [ 'test/named_params.test.js', 438, 420 ]
314 silly gunzTarPerm extractEntry test/exec.test.js
315 silly gunzTarPerm modified mode [ 'test/exec.test.js', 438, 420 ]
316 silly gunzTarPerm extractEntry test/open_close.test.js
317 silly gunzTarPerm modified mode [ 'test/open_close.test.js', 438, 420 ]
318 silly gunzTarPerm extractEntry test/other_objects.test.js
319 silly gunzTarPerm modified mode [ 'test/other_objects.test.js', 438, 420 ]
320 silly gunzTarPerm extractEntry test/parallel_insert.test.js
321 silly gunzTarPerm modified mode [ 'test/parallel_insert.test.js', 438, 420 ]
322 silly gunzTarPerm extractEntry test/prepare.test.js
323 silly gunzTarPerm modified mode [ 'test/prepare.test.js', 438, 420 ]
324 silly gunzTarPerm extractEntry test/profile.test.js
325 silly gunzTarPerm modified mode [ 'test/profile.test.js', 438, 420 ]
326 silly gunzTarPerm extractEntry test/each.test.js
327 silly gunzTarPerm modified mode [ 'test/each.test.js', 438, 420 ]
328 silly gunzTarPerm extractEntry test/rerun.test.js
329 silly gunzTarPerm modified mode [ 'test/rerun.test.js', 438, 420 ]
330 silly gunzTarPerm extractEntry test/database_fail.test.js
331 silly gunzTarPerm modified mode [ 'test/database_fail.test.js', 438, 420 ]
332 silly gunzTarPerm extractEntry test/scheduling.test.js
333 silly gunzTarPerm modified mode [ 'test/scheduling.test.js', 438, 420 ]
334 silly gunzTarPerm extractEntry test/constants.test.js
335 silly gunzTarPerm modified mode [ 'test/constants.test.js', 438, 420 ]
336 silly gunzTarPerm extractEntry test/serialization.test.js
337 silly gunzTarPerm modified mode [ 'test/serialization.test.js', 438, 420 ]
338 silly gunzTarPerm extractEntry test/cache.test.js
339 silly gunzTarPerm modified mode [ 'test/cache.test.js', 438, 420 ]
340 silly gunzTarPerm extractEntry test/trace.test.js
341 silly gunzTarPerm modified mode [ 'test/trace.test.js', 438, 420 ]
342 silly gunzTarPerm extractEntry test/blob.test.js
343 silly gunzTarPerm modified mode [ 'test/blob.test.js', 438, 420 ]
344 silly gunzTarPerm extractEntry test/unicode.test.js
345 silly gunzTarPerm modified mode [ 'test/unicode.test.js', 438, 420 ]
346 silly gunzTarPerm extractEntry test/null_error.test.js
347 silly gunzTarPerm modified mode [ 'test/null_error.test.js', 438, 420 ]
348 silly gunzTarPerm extractEntry test/support/createdb.js
349 silly gunzTarPerm modified mode [ 'test/support/createdb.js', 438, 420 ]
350 silly gunzTarPerm extractEntry test/support/helper.js
351 silly gunzTarPerm modified mode [ 'test/support/helper.js', 438, 420 ]
352 silly gunzTarPerm extractEntry test/support/elmo.png
353 silly gunzTarPerm modified mode [ 'test/support/elmo.png', 438, 420 ]
354 silly gunzTarPerm extractEntry test/support/prepare.db
355 silly gunzTarPerm modified mode [ 'test/support/prepare.db', 438, 420 ]
356 silly gunzTarPerm extractEntry test/support/script.sql
357 silly gunzTarPerm modified mode [ 'test/support/script.sql', 438, 420 ]
358 verbose read json C:\Users\Lisa\AppData\Roaming\npm-cache\sqlite3\2.1.5\package\package.json
359 silly lockFile a13775d4--npm-cache-sqlite3-2-1-5-package C:\Users\Lisa\AppData\Roaming\npm-cache\sqlite3\2.1.5\package
360 silly lockFile a13775d4--npm-cache-sqlite3-2-1-5-package C:\Users\Lisa\AppData\Roaming\npm-cache\sqlite3\2.1.5\package
361 silly lockFile 8d1fec3f--cache-sqlite3-2-1-5-package-tgz C:\Users\Lisa\AppData\Roaming\npm-cache\sqlite3\2.1.5\package.tgz
362 silly lockFile 8d1fec3f--cache-sqlite3-2-1-5-package-tgz C:\Users\Lisa\AppData\Roaming\npm-cache\sqlite3\2.1.5\package.tgz
363 silly shasum updated bytes 65536
364 silly shasum updated bytes 65536
365 silly shasum updated bytes 65536
366 silly shasum updated bytes 65536
367 silly shasum updated bytes 65536
368 silly shasum updated bytes 65536
369 silly shasum updated bytes 65536
370 silly shasum updated bytes 65536
371 silly shasum updated bytes 65536
372 silly shasum updated bytes 65536
373 silly shasum updated bytes 65536
374 silly shasum updated bytes 65536
375 silly shasum updated bytes 65536
376 silly shasum updated bytes 65536
377 silly shasum updated bytes 65536
378 silly shasum updated bytes 65536
379 silly shasum updated bytes 65536
380 silly shasum updated bytes 65536
381 silly shasum updated bytes 65536
382 silly shasum updated bytes 65536
383 silly shasum updated bytes 65536
384 silly shasum updated bytes 65536
385 silly shasum updated bytes 65536
386 silly shasum updated bytes 65536
387 silly shasum updated bytes 65536
388 silly shasum updated bytes 65536
389 silly shasum updated bytes 65536
390 silly shasum updated bytes 65536
391 silly shasum updated bytes 65536
392 silly shasum updated bytes 65536
393 silly shasum updated bytes 65536
394 silly shasum updated bytes 56922
395 info shasum 152d6a38c2089371162d7f432d94fce48a57cd3b
395 info shasum C:\Users\Lisa\AppData\Roaming\npm-cache\sqlite3\2.1.5\package.tgz
396 verbose from cache C:\Users\Lisa\AppData\Roaming\npm-cache\sqlite3\2.1.5\package\package.json
397 verbose chmod C:\Users\Lisa\AppData\Roaming\npm-cache\sqlite3\2.1.5\package.tgz 644
398 silly chown skipping for windows C:\Users\Lisa\AppData\Roaming\npm-cache\sqlite3\2.1.5\package.tgz
399 silly lockFile 46e5a27a-js-org-sqlite3-sqlite3-2-1-5-tgz https://registry.npmjs.org/sqlite3/-/sqlite3-2.1.5.tgz
400 silly lockFile 46e5a27a-js-org-sqlite3-sqlite3-2-1-5-tgz https://registry.npmjs.org/sqlite3/-/sqlite3-2.1.5.tgz
401 silly lockFile cdee03cf-sqlite3-2-1-5 sqlite3@2.1.5
402 silly lockFile cdee03cf-sqlite3-2-1-5 sqlite3@2.1.5
403 silly lockFile b9879749-sqlite3 sqlite3@
404 silly lockFile b9879749-sqlite3 sqlite3@
405 silly resolved [ { name: 'sqlite3',
405 silly resolved     description: 'Asynchronous, non-blocking SQLite3 bindings',
405 silly resolved     version: '2.1.5',
405 silly resolved     homepage: 'http://github.com/developmentseed/node-sqlite3',
405 silly resolved     author:
405 silly resolved      { name: 'Development Seed',
405 silly resolved        email: 'info@developmentseed.org',
405 silly resolved        url: 'http://developmentseed.org/' },
405 silly resolved     contributors:
405 silly resolved      [ [Object],
405 silly resolved        [Object],
405 silly resolved        [Object],
405 silly resolved        [Object],
405 silly resolved        [Object],
405 silly resolved        [Object],
405 silly resolved        [Object],
405 silly resolved        [Object],
405 silly resolved        [Object],
405 silly resolved        [Object],
405 silly resolved        [Object],
405 silly resolved        [Object],
405 silly resolved        [Object] ],
405 silly resolved     repository:
405 silly resolved      { type: 'git',
405 silly resolved        url: 'git://github.com/developmentseed/node-sqlite3.git' },
405 silly resolved     devDependencies: { step: '0.0.4', expresso: '*' },
405 silly resolved     engines: { node: '>= 0.6.13 && < 0.9.0' },
405 silly resolved     scripts:
405 silly resolved      { test: 'expresso -I lib test/*.test.js',
405 silly resolved        install: 'node-gyp rebuild' },
405 silly resolved     licenses: [ [Object] ],
405 silly resolved     main: './lib/sqlite3',
405 silly resolved     gypfile: true,
405 silly resolved     readme: '# NAME\n\nnode-sqlite3 - Asynchronous, non-blocking [SQLite3](http://sqlite.org/) bindings for [node.js](https://github.com/joyent/node) 0.2-0.4 (versions 2.0.x), **0.6.13+ and 0.8.x** (versions 2.1.x).\n\n\n\n# USAGE\n\nInstall with `npm install sqlite3`.\n\n``` js\nvar sqlite3 = require(\'sqlite3\').verbose();\nvar db = new sqlite3.Database(\':memory:\');\n\ndb.serialize(function() {\n  db.run("CREATE TABLE lorem (info TEXT)");\n\n  var stmt = db.prepare("INSERT INTO lorem VALUES (?)");\n  for (var i = 0; i < 10; i++) {\n      stmt.run("Ipsum " + i);\n  }\n  stmt.finalize();\n\n  db.each("SELECT rowid AS id, info FROM lorem", function(err, row) {\n      console.log(row.id + ": " + row.info);\n  });\n});\n\ndb.close();\n```\n\n\n\n# FEATURES\n\n* Straightforward query and parameter binding interface\n* Full Buffer/Blob support\n* Extensive [debugging support](https://github.com/developmentseed/node-sqlite3/wiki/Debugging)\n* [Query serialization](https://github.com/developmentseed/node-sqlite3/wiki/Control-Flow) API\n* [Extension support](https://github.com/developmentseed/node-sqlite3/wiki/Extensions)\n* Big test suite\n* Written in modern C++ and tested for memory leaks\n\n\n\n# API\n\nSee the [API documentation](https://github.com/developmentseed/node-sqlite3/wiki) in the wiki.\n\n\n# BUILDING\n\nMake sure you have the sources for `sqlite3` installed. Mac OS X ships with these by default. If you don\'t have them installed, install the `-dev` package with your package manager, e.g. `apt-get install libsqlite3-dev` for Debian/Ubuntu. Make sure that you have at least `libsqlite3` >= 3.6.\n\nTo obtain and build the bindings:\n\n    git clone git://github.com/developmentseed/node-sqlite3.git\n    cd node-sqlite3\n    ./configure\n    make\n\nYou can also use [`npm`](https://github.com/isaacs/npm) to download and install them:\n\n    npm install sqlite3\n\n\n\n# TESTS\n\n[expresso](https://github.com/visionmedia/expresso) is required to run unit tests.\n\n    npm install expresso\n    make test\n\n\n\n# CONTRIBUTORS\n\n* [Konstantin Käfer](https://github.com/kkaefer)\n* [Dane Springmeyer](https://github.com/springmeyer)\n* [Will White](https://github.com/willwhite)\n* [Orlando Vazquez](https://github.com/orlandov)\n* [Artem Kustikov](https://github.com/artiz)\n* [Eric Fredricksen](https://github.com/grumdrig)\n* [John Wright](https://github.com/mrjjwright)\n* [Ryan Dahl](https://github.com/ry)\n* [Tom MacWright](https://github.com/tmcw)\n* [Carter Thaxton](https://github.com/carter-thaxton)\n* [Audrius Kažukauskas](https://github.com/audriusk)\n* [Johannes Schauer](https://github.com/pyneo)\n\n\n\n# ACKNOWLEDGEMENTS\n\nThanks to [Orlando Vazquez](https://github.com/orlandov),\n[Eric Fredricksen](https://github.com/grumdrig) and\n[Ryan Dahl](https://github.com/ry) for their SQLite bindings for node, and to mraleph on Freenode\'s #v8 for answering questions.\n\nDevelopment of this module is sponsored by [Development Seed](http://developmentseed.org/).\n\n\n# LICENSE\n\n`node-sqlite3` is [BSD licensed](https://github.com/developmentseed/node-sqlite3/raw/master/LICENSE).\n',
405 silly resolved     readmeFilename: 'README.md',
405 silly resolved     _id: 'sqlite3@2.1.5',
405 silly resolved     dist: { shasum: '152d6a38c2089371162d7f432d94fce48a57cd3b' },
405 silly resolved     _from: 'sqlite3@',
405 silly resolved     _resolved: 'https://registry.npmjs.org/sqlite3/-/sqlite3-2.1.5.tgz' } ]
406 info install sqlite3@2.1.5 into C:\Users\Lisa\CitySync\server
407 info installOne sqlite3@2.1.5
408 warn engine sqlite3@2.1.5: wanted: {"node":">= 0.6.13 && < 0.9.0"} (current: {"node":"v0.10.0","npm":"1.2.14"})
409 verbose from cache C:\Users\Lisa\AppData\Roaming\npm-cache\sqlite3\2.1.5\package\package.json
410 info C:\Users\Lisa\CitySync\server\node_modules\sqlite3 unbuild
411 verbose read json C:\Users\Lisa\CitySync\server\node_modules\sqlite3\package.json
412 verbose tar unpack C:\Users\Lisa\AppData\Roaming\npm-cache\sqlite3\2.1.5\package.tgz
413 silly lockFile 1263ca7a-Sync-server-node-modules-sqlite3 C:\Users\Lisa\CitySync\server\node_modules\sqlite3
414 verbose lock C:\Users\Lisa\CitySync\server\node_modules\sqlite3 C:\Users\Lisa\AppData\Roaming\npm-cache\1263ca7a-Sync-server-node-modules-sqlite3.lock
415 silly lockFile 8d1fec3f--cache-sqlite3-2-1-5-package-tgz C:\Users\Lisa\AppData\Roaming\npm-cache\sqlite3\2.1.5\package.tgz
416 verbose lock C:\Users\Lisa\AppData\Roaming\npm-cache\sqlite3\2.1.5\package.tgz C:\Users\Lisa\AppData\Roaming\npm-cache\8d1fec3f--cache-sqlite3-2-1-5-package-tgz.lock
417 silly gunzTarPerm modes [ '755', '644' ]
418 silly gunzTarPerm extractEntry package.json
419 silly gunzTarPerm modified mode [ 'package.json', 438, 420 ]
420 silly gunzTarPerm extractEntry .npmignore
421 silly gunzTarPerm modified mode [ '.npmignore', 438, 420 ]
422 silly gunzTarPerm extractEntry README.md
423 silly gunzTarPerm modified mode [ 'README.md', 438, 420 ]
424 silly gunzTarPerm extractEntry LICENSE
425 silly gunzTarPerm modified mode [ 'LICENSE', 438, 420 ]
426 silly gunzTarPerm extractEntry sqlite3.js
427 silly gunzTarPerm modified mode [ 'sqlite3.js', 438, 420 ]
428 silly gunzTarPerm extractEntry deps/sqlite3/README
429 silly gunzTarPerm modified mode [ 'deps/sqlite3/README', 438, 420 ]
430 silly gunzTarPerm extractEntry deps/sqlite3/Makefile.in
431 silly gunzTarPerm modified mode [ 'deps/sqlite3/Makefile.in', 438, 420 ]
432 silly gunzTarPerm extractEntry deps/sqlite3/config.guess
433 silly gunzTarPerm modified mode [ 'deps/sqlite3/config.guess', 438, 420 ]
434 silly gunzTarPerm extractEntry deps/sqlite3/config.sub
435 silly gunzTarPerm modified mode [ 'deps/sqlite3/config.sub', 438, 420 ]
436 silly gunzTarPerm extractEntry deps/sqlite3/configure
437 silly gunzTarPerm modified mode [ 'deps/sqlite3/configure', 438, 420 ]
438 silly gunzTarPerm extractEntry deps/sqlite3/configure.ac
439 silly gunzTarPerm modified mode [ 'deps/sqlite3/configure.ac', 438, 420 ]
440 silly gunzTarPerm extractEntry deps/sqlite3/depcomp
441 silly gunzTarPerm modified mode [ 'deps/sqlite3/depcomp', 438, 420 ]
442 silly gunzTarPerm extractEntry deps/sqlite3/INSTALL
443 silly gunzTarPerm modified mode [ 'deps/sqlite3/INSTALL', 438, 420 ]
444 silly gunzTarPerm extractEntry deps/sqlite3/install-sh
445 silly gunzTarPerm modified mode [ 'deps/sqlite3/install-sh', 438, 420 ]
446 silly gunzTarPerm extractEntry deps/sqlite3/ltmain.sh
447 silly gunzTarPerm modified mode [ 'deps/sqlite3/ltmain.sh', 438, 420 ]
448 silly gunzTarPerm extractEntry deps/sqlite3/Makefile.am
449 silly gunzTarPerm modified mode [ 'deps/sqlite3/Makefile.am', 438, 420 ]
450 silly gunzTarPerm extractEntry deps/sqlite3/binding.gyp
451 silly gunzTarPerm modified mode [ 'deps/sqlite3/binding.gyp', 438, 420 ]
452 silly gunzTarPerm extractEntry deps/sqlite3/missing
453 silly gunzTarPerm modified mode [ 'deps/sqlite3/missing', 438, 420 ]
454 silly gunzTarPerm extractEntry deps/sqlite3/aclocal.m4
455 silly gunzTarPerm modified mode [ 'deps/sqlite3/aclocal.m4', 438, 420 ]
456 silly gunzTarPerm extractEntry deps/sqlite3/shell.c
457 silly gunzTarPerm modified mode [ 'deps/sqlite3/shell.c', 438, 420 ]
458 silly gunzTarPerm extractEntry deps/sqlite3/sqlite3.1
459 silly gunzTarPerm modified mode [ 'deps/sqlite3/sqlite3.1', 438, 420 ]
460 silly gunzTarPerm extractEntry deps/sqlite3/sqlite3.c
461 silly gunzTarPerm modified mode [ 'deps/sqlite3/sqlite3.c', 438, 420 ]
462 silly gunzTarPerm extractEntry deps/sqlite3/sqlite3.h
463 silly gunzTarPerm modified mode [ 'deps/sqlite3/sqlite3.h', 438, 420 ]
464 silly gunzTarPerm extractEntry deps/sqlite3/sqlite3.pc
465 silly gunzTarPerm modified mode [ 'deps/sqlite3/sqlite3.pc', 438, 420 ]
466 silly gunzTarPerm extractEntry deps/sqlite3/sqlite3.pc.in
467 silly gunzTarPerm modified mode [ 'deps/sqlite3/sqlite3.pc.in', 438, 420 ]
468 silly gunzTarPerm extractEntry deps/sqlite3/sqlite3ext.h
469 silly gunzTarPerm modified mode [ 'deps/sqlite3/sqlite3ext.h', 438, 420 ]
470 silly gunzTarPerm extractEntry deps/sqlite3/tea/README
471 silly gunzTarPerm modified mode [ 'deps/sqlite3/tea/README', 438, 420 ]
472 silly gunzTarPerm extractEntry deps/sqlite3/tea/license.terms
473 silly gunzTarPerm modified mode [ 'deps/sqlite3/tea/license.terms', 438, 420 ]
474 silly gunzTarPerm extractEntry deps/sqlite3/tea/configure.in
475 silly gunzTarPerm modified mode [ 'deps/sqlite3/tea/configure.in', 438, 420 ]
476 silly gunzTarPerm extractEntry deps/sqlite3/tea/doc/sqlite3.n
477 silly gunzTarPerm modified mode [ 'deps/sqlite3/tea/doc/sqlite3.n', 438, 420 ]
478 silly gunzTarPerm extractEntry deps/sqlite3/tea/generic/tclsqlite3.c
479 silly gunzTarPerm modified mode [ 'deps/sqlite3/tea/generic/tclsqlite3.c', 438, 420 ]
480 silly gunzTarPerm extractEntry deps/sqlite3/tea/configure
481 silly gunzTarPerm modified mode [ 'deps/sqlite3/tea/configure', 438, 420 ]
482 silly gunzTarPerm extractEntry deps/sqlite3/tea/Makefile.in
483 silly gunzTarPerm modified mode [ 'deps/sqlite3/tea/Makefile.in', 438, 420 ]
484 silly gunzTarPerm extractEntry deps/sqlite3/tea/pkgIndex.tcl.in
485 silly gunzTarPerm modified mode [ 'deps/sqlite3/tea/pkgIndex.tcl.in', 438, 420 ]
486 silly gunzTarPerm extractEntry deps/sqlite3/tea/aclocal.m4
487 silly gunzTarPerm modified mode [ 'deps/sqlite3/tea/aclocal.m4', 438, 420 ]
488 silly gunzTarPerm extractEntry deps/sqlite3/tea/tclconfig/install-sh
489 silly gunzTarPerm modified mode [ 'deps/sqlite3/tea/tclconfig/install-sh', 438, 420 ]
490 silly gunzTarPerm extractEntry deps/sqlite3/tea/tclconfig/tcl.m4
491 silly gunzTarPerm modified mode [ 'deps/sqlite3/tea/tclconfig/tcl.m4', 438, 420 ]
492 silly gunzTarPerm extractEntry deps/sqlite3/tea/win/makefile.vc
493 silly gunzTarPerm modified mode [ 'deps/sqlite3/tea/win/makefile.vc', 438, 420 ]
494 silly gunzTarPerm extractEntry deps/sqlite3/tea/win/nmakehlp.c
495 silly gunzTarPerm modified mode [ 'deps/sqlite3/tea/win/nmakehlp.c', 438, 420 ]
496 silly gunzTarPerm extractEntry deps/sqlite3/tea/win/rules.vc
497 silly gunzTarPerm modified mode [ 'deps/sqlite3/tea/win/rules.vc', 438, 420 ]
498 silly gunzTarPerm extractEntry examples/simple-chaining.js
499 silly gunzTarPerm modified mode [ 'examples/simple-chaining.js', 438, 420 ]
500 silly gunzTarPerm extractEntry lib/index.js
501 silly gunzTarPerm modified mode [ 'lib/index.js', 438, 420 ]
502 silly gunzTarPerm extractEntry lib/sqlite3.js
503 silly gunzTarPerm modified mode [ 'lib/sqlite3.js', 438, 420 ]
504 silly gunzTarPerm extractEntry lib/trace.js
505 silly gunzTarPerm modified mode [ 'lib/trace.js', 438, 420 ]
506 silly gunzTarPerm extractEntry benchmark/insert.js
507 silly gunzTarPerm modified mode [ 'benchmark/insert.js', 438, 420 ]
508 silly gunzTarPerm extractEntry benchmark/insert-transaction.sql
509 silly gunzTarPerm modified mode [ 'benchmark/insert-transaction.sql', 438, 420 ]
510 silly gunzTarPerm extractEntry Makefile
511 silly gunzTarPerm modified mode [ 'Makefile', 438, 420 ]
512 silly gunzTarPerm extractEntry configure
513 silly gunzTarPerm modified mode [ 'configure', 438, 420 ]
514 silly gunzTarPerm extractEntry binding.gyp
515 silly gunzTarPerm modified mode [ 'binding.gyp', 438, 420 ]
516 silly gunzTarPerm extractEntry src/async.h
517 silly gunzTarPerm modified mode [ 'src/async.h', 438, 420 ]
518 silly gunzTarPerm extractEntry src/database.cc
519 silly gunzTarPerm modified mode [ 'src/database.cc', 438, 420 ]
520 silly gunzTarPerm extractEntry src/database.h
521 silly gunzTarPerm modified mode [ 'src/database.h', 438, 420 ]
522 silly gunzTarPerm extractEntry src/macros.h
523 silly gunzTarPerm modified mode [ 'src/macros.h', 438, 420 ]
524 silly gunzTarPerm extractEntry src/node_sqlite3.cc
525 silly gunzTarPerm modified mode [ 'src/node_sqlite3.cc', 438, 420 ]
526 silly gunzTarPerm extractEntry src/statement.cc
527 silly gunzTarPerm modified mode [ 'src/statement.cc', 438, 420 ]
528 silly gunzTarPerm extractEntry src/statement.h
529 silly gunzTarPerm modified mode [ 'src/statement.h', 438, 420 ]
530 silly gunzTarPerm extractEntry src/threading.h
531 silly gunzTarPerm modified mode [ 'src/threading.h', 438, 420 ]
532 silly gunzTarPerm extractEntry test/affected.test.js
533 silly gunzTarPerm modified mode [ 'test/affected.test.js', 438, 420 ]
534 silly gunzTarPerm extractEntry test/extension.test.js
535 silly gunzTarPerm modified mode [ 'test/extension.test.js', 438, 420 ]
536 silly gunzTarPerm extractEntry test/map.test.js
537 silly gunzTarPerm modified mode [ 'test/map.test.js', 438, 420 ]
538 silly gunzTarPerm extractEntry test/named_columns.test.js
539 silly gunzTarPerm modified mode [ 'test/named_columns.test.js', 438, 420 ]
540 silly gunzTarPerm extractEntry test/named_params.test.js
541 silly gunzTarPerm modified mode [ 'test/named_params.test.js', 438, 420 ]
542 silly gunzTarPerm extractEntry test/exec.test.js
543 silly gunzTarPerm modified mode [ 'test/exec.test.js', 438, 420 ]
544 silly gunzTarPerm extractEntry test/open_close.test.js
545 silly gunzTarPerm modified mode [ 'test/open_close.test.js', 438, 420 ]
546 silly gunzTarPerm extractEntry test/other_objects.test.js
547 silly gunzTarPerm modified mode [ 'test/other_objects.test.js', 438, 420 ]
548 silly gunzTarPerm extractEntry test/parallel_insert.test.js
549 silly gunzTarPerm modified mode [ 'test/parallel_insert.test.js', 438, 420 ]
550 silly gunzTarPerm extractEntry test/prepare.test.js
551 silly gunzTarPerm modified mode [ 'test/prepare.test.js', 438, 420 ]
552 silly gunzTarPerm extractEntry test/profile.test.js
553 silly gunzTarPerm modified mode [ 'test/profile.test.js', 438, 420 ]
554 silly gunzTarPerm extractEntry test/each.test.js
555 silly gunzTarPerm modified mode [ 'test/each.test.js', 438, 420 ]
556 silly gunzTarPerm extractEntry test/rerun.test.js
557 silly gunzTarPerm modified mode [ 'test/rerun.test.js', 438, 420 ]
558 silly gunzTarPerm extractEntry test/database_fail.test.js
559 silly gunzTarPerm modified mode [ 'test/database_fail.test.js', 438, 420 ]
560 silly gunzTarPerm extractEntry test/scheduling.test.js
561 silly gunzTarPerm modified mode [ 'test/scheduling.test.js', 438, 420 ]
562 silly gunzTarPerm extractEntry test/constants.test.js
563 silly gunzTarPerm modified mode [ 'test/constants.test.js', 438, 420 ]
564 silly gunzTarPerm extractEntry test/serialization.test.js
565 silly gunzTarPerm modified mode [ 'test/serialization.test.js', 438, 420 ]
566 silly gunzTarPerm extractEntry test/cache.test.js
567 silly gunzTarPerm modified mode [ 'test/cache.test.js', 438, 420 ]
568 silly gunzTarPerm extractEntry test/trace.test.js
569 silly gunzTarPerm modified mode [ 'test/trace.test.js', 438, 420 ]
570 silly gunzTarPerm extractEntry test/blob.test.js
571 silly gunzTarPerm modified mode [ 'test/blob.test.js', 438, 420 ]
572 silly gunzTarPerm extractEntry test/unicode.test.js
573 silly gunzTarPerm modified mode [ 'test/unicode.test.js', 438, 420 ]
574 silly gunzTarPerm extractEntry test/null_error.test.js
575 silly gunzTarPerm modified mode [ 'test/null_error.test.js', 438, 420 ]
576 silly gunzTarPerm extractEntry test/support/createdb.js
577 silly gunzTarPerm modified mode [ 'test/support/createdb.js', 438, 420 ]
578 silly gunzTarPerm extractEntry test/support/helper.js
579 silly gunzTarPerm modified mode [ 'test/support/helper.js', 438, 420 ]
580 silly gunzTarPerm extractEntry test/support/elmo.png
581 silly gunzTarPerm modified mode [ 'test/support/elmo.png', 438, 420 ]
582 silly gunzTarPerm extractEntry test/support/prepare.db
583 silly gunzTarPerm modified mode [ 'test/support/prepare.db', 438, 420 ]
584 silly gunzTarPerm extractEntry test/support/script.sql
585 silly gunzTarPerm modified mode [ 'test/support/script.sql', 438, 420 ]
586 verbose read json C:\Users\Lisa\CitySync\server\node_modules\sqlite3\package.json
587 silly lockFile 1263ca7a-Sync-server-node-modules-sqlite3 C:\Users\Lisa\CitySync\server\node_modules\sqlite3
588 silly lockFile 1263ca7a-Sync-server-node-modules-sqlite3 C:\Users\Lisa\CitySync\server\node_modules\sqlite3
589 silly lockFile 8d1fec3f--cache-sqlite3-2-1-5-package-tgz C:\Users\Lisa\AppData\Roaming\npm-cache\sqlite3\2.1.5\package.tgz
590 silly lockFile 8d1fec3f--cache-sqlite3-2-1-5-package-tgz C:\Users\Lisa\AppData\Roaming\npm-cache\sqlite3\2.1.5\package.tgz
591 info preinstall sqlite3@2.1.5
592 verbose from cache C:\Users\Lisa\CitySync\server\node_modules\sqlite3\package.json
593 verbose readDependencies using package.json deps
594 verbose from cache C:\Users\Lisa\CitySync\server\node_modules\sqlite3\package.json
595 verbose readDependencies using package.json deps
596 silly resolved []
597 verbose about to build C:\Users\Lisa\CitySync\server\node_modules\sqlite3
598 info build C:\Users\Lisa\CitySync\server\node_modules\sqlite3
599 verbose from cache C:\Users\Lisa\CitySync\server\node_modules\sqlite3\package.json
600 verbose linkStuff [ false,
600 verbose linkStuff   false,
600 verbose linkStuff   false,
600 verbose linkStuff   'C:\\Users\\Lisa\\CitySync\\server\\node_modules' ]
601 info linkStuff sqlite3@2.1.5
602 verbose linkBins sqlite3@2.1.5
603 verbose linkMans sqlite3@2.1.5
604 verbose rebuildBundles sqlite3@2.1.5
605 info install sqlite3@2.1.5
606 verbose unsafe-perm in lifecycle true
607 silly exec cmd "/c" "node-gyp rebuild"
608 silly cmd,/c,node-gyp rebuild,C:\Users\Lisa\CitySync\server\node_modules\sqlite3 spawning
609 info sqlite3@2.1.5 Failed to exec install script
610 info C:\Users\Lisa\CitySync\server\node_modules\sqlite3 unbuild
611 verbose from cache C:\Users\Lisa\CitySync\server\node_modules\sqlite3\package.json
612 info preuninstall sqlite3@2.1.5
613 info uninstall sqlite3@2.1.5
614 verbose true,C:\Users\Lisa\CitySync\server\node_modules,C:\Users\Lisa\CitySync\server\node_modules unbuild sqlite3@2.1.5
615 info postuninstall sqlite3@2.1.5
616 error sqlite3@2.1.5 install: `node-gyp rebuild`
616 error `cmd "/c" "node-gyp rebuild"` failed with 1
617 error Failed at the sqlite3@2.1.5 install script.
617 error This is most likely a problem with the sqlite3 package,
617 error not with npm itself.
617 error Tell the author that this fails on your system:
617 error     node-gyp rebuild
617 error You can get their info via:
617 error     npm owner ls sqlite3
617 error There is likely additional logging output above.
618 error System Windows_NT 6.1.7600
619 error command "C:\\Program Files\\nodejs\\\\node.exe" "C:\\Program Files\\nodejs\\node_modules\\npm\\bin\\npm-cli.js" "install" "sqlite3"
620 error cwd C:\Users\Lisa\CitySync\server
621 error node -v v0.10.0
622 error npm -v 1.2.14
623 error code ELIFECYCLE
624 verbose exit [ 1, true ]
